Start testing: Apr 12 17:57 MSK
----------------------------------------------------------
1/4 Testing: test_bfprt_impl
1/4 Test: test_bfprt_impl
Command: "/home/zeculesu/Desktop/Artemia/algo_dop/dop2/build/tests/test_bfprt_impl"
Directory: /home/zeculesu/Desktop/Artemia/algo_dop/dop2/build/tests
"test_bfprt_impl" start time: Apr 12 17:57 MSK
Output:
----------------------------------------------------------
Running main() from ./googletest/src/gtest_main.cc
[==========] Running 4 tests from 1 test suite.
[----------] Global test environment set-up.
[----------] 4 tests from BFPRTTest
[ RUN      ] BFPRTTest.VectorAndArray
[       OK ] BFPRTTest.VectorAndArray (0 ms)
[ RUN      ] BFPRTTest.LargeRandomVectors
[       OK ] BFPRTTest.LargeRandomVectors (37 ms)
[ RUN      ] BFPRTTest.RepeatedElements
[       OK ] BFPRTTest.RepeatedElements (586 ms)
[ RUN      ] BFPRTTest.NegativeNumbers
[       OK ] BFPRTTest.NegativeNumbers (0 ms)
[----------] 4 tests from BFPRTTest (623 ms total)

[----------] Global test environment tear-down
[==========] 4 tests from 1 test suite ran. (623 ms total)
[  PASSED  ] 4 tests.
<end of output>
Test time =   0.63 sec
----------------------------------------------------------
Test Passed.
"test_bfprt_impl" end time: Apr 12 17:57 MSK
"test_bfprt_impl" time elapsed: 00:00:00
----------------------------------------------------------

2/4 Testing: test_exceptions
2/4 Test: test_exceptions
Command: "/home/zeculesu/Desktop/Artemia/algo_dop/dop2/build/tests/test_exceptions"
Directory: /home/zeculesu/Desktop/Artemia/algo_dop/dop2/build/tests
"test_exceptions" start time: Apr 12 17:57 MSK
Output:
----------------------------------------------------------
Running main() from ./googletest/src/gtest_main.cc
[==========] Running 6 tests from 1 test suite.
[----------] Global test environment set-up.
[----------] 6 tests from ExceptionTest
[ RUN      ] ExceptionTest.EmptyRange
[       OK ] ExceptionTest.EmptyRange (0 ms)
[ RUN      ] ExceptionTest.KTooSmall
[       OK ] ExceptionTest.KTooSmall (0 ms)
[ RUN      ] ExceptionTest.KTooLarge
[       OK ] ExceptionTest.KTooLarge (0 ms)
[ RUN      ] ExceptionTest.NegativeK
[       OK ] ExceptionTest.NegativeK (0 ms)
[ RUN      ] ExceptionTest.SingleElementValidK
[       OK ] ExceptionTest.SingleElementValidK (0 ms)
[ RUN      ] ExceptionTest.SingleElementInvalidK
[       OK ] ExceptionTest.SingleElementInvalidK (0 ms)
[----------] 6 tests from ExceptionTest (0 ms total)

[----------] Global test environment tear-down
[==========] 6 tests from 1 test suite ran. (0 ms total)
[  PASSED  ] 6 tests.
<end of output>
Test time =   0.01 sec
----------------------------------------------------------
Test Passed.
"test_exceptions" end time: Apr 12 17:57 MSK
"test_exceptions" time elapsed: 00:00:00
----------------------------------------------------------

3/4 Testing: test_medianOfMedians
3/4 Test: test_medianOfMedians
Command: "/home/zeculesu/Desktop/Artemia/algo_dop/dop2/build/tests/test_medianOfMedians"
Directory: /home/zeculesu/Desktop/Artemia/algo_dop/dop2/build/tests
"test_medianOfMedians" start time: Apr 12 17:57 MSK
Output:
----------------------------------------------------------
Running main() from ./googletest/src/gtest_main.cc
[==========] Running 2 tests from 1 test suite.
[----------] Global test environment set-up.
[----------] 2 tests from MedianOfMediansTest
[ RUN      ] MedianOfMediansTest.SmallArrays
[       OK ] MedianOfMediansTest.SmallArrays (0 ms)
[ RUN      ] MedianOfMediansTest.AllEqual
[       OK ] MedianOfMediansTest.AllEqual (0 ms)
[----------] 2 tests from MedianOfMediansTest (0 ms total)

[----------] Global test environment tear-down
[==========] 2 tests from 1 test suite ran. (0 ms total)
[  PASSED  ] 2 tests.
<end of output>
Test time =   0.01 sec
----------------------------------------------------------
Test Passed.
"test_medianOfMedians" end time: Apr 12 17:57 MSK
"test_medianOfMedians" time elapsed: 00:00:00
----------------------------------------------------------

4/4 Testing: test_partition
4/4 Test: test_partition
Command: "/home/zeculesu/Desktop/Artemia/algo_dop/dop2/build/tests/test_partition"
Directory: /home/zeculesu/Desktop/Artemia/algo_dop/dop2/build/tests
"test_partition" start time: Apr 12 17:57 MSK
Output:
----------------------------------------------------------
Running main() from ./googletest/src/gtest_main.cc
[==========] Running 5 tests from 1 test suite.
[----------] Global test environment set-up.
[----------] 5 tests from PartitionTest
[ RUN      ] PartitionTest.BasicPartitioningInt
[       OK ] PartitionTest.BasicPartitioningInt (0 ms)
[ RUN      ] PartitionTest.BasicPartitioningDouble
[       OK ] PartitionTest.BasicPartitioningDouble (0 ms)
[ RUN      ] PartitionTest.BasicPartitioningString
[       OK ] PartitionTest.BasicPartitioningString (0 ms)
[ RUN      ] PartitionTest.CustomTypePartitioning
[       OK ] PartitionTest.CustomTypePartitioning (0 ms)
[ RUN      ] PartitionTest.AlreadyPartitionedString
[       OK ] PartitionTest.AlreadyPartitionedString (0 ms)
[----------] 5 tests from PartitionTest (0 ms total)

[----------] Global test environment tear-down
[==========] 5 tests from 1 test suite ran. (0 ms total)
[  PASSED  ] 5 tests.
<end of output>
Test time =   0.01 sec
----------------------------------------------------------
Test Passed.
"test_partition" end time: Apr 12 17:57 MSK
"test_partition" time elapsed: 00:00:00
----------------------------------------------------------

End testing: Apr 12 17:57 MSK
